0 info it worked if it ends with ok
1 verbose cli [ 'D:\\node.exe',
1 verbose cli   'C:\\Users\\Administrator\\AppData\\Roaming\\npm\\node_modules\\npm\\bin\\npm-cli.js',
1 verbose cli   'rebuild',
1 verbose cli   'node-sass' ]
2 info using npm@2.8.3
3 info using node@v4.2.1
4 info readInstalled object
5 verbose rebuild path, id [ 'F:\\code\\vue-cnodejs-demo\\node_modules\\node-sass',
5 verbose rebuild   'node-sass@3.4.2' ]
6 silly rebuild set [ 'F:\\code\\vue-cnodejs-demo\\node_modules\\node-sass' ]
7 info build F:\code\vue-cnodejs-demo\node_modules\node-sass
8 info preinstall node-sass@3.4.2
9 info linkStuff node-sass@3.4.2
10 silly linkStuff node-sass@3.4.2 has F:\code\vue-cnodejs-demo\node_modules as its parent node_modules
11 verbose linkBins node-sass@3.4.2
12 verbose link bins [ { 'node-sass': 'bin/node-sass' },
12 verbose link bins   'F:\\code\\vue-cnodejs-demo\\node_modules\\.bin',
12 verbose link bins   false ]
13 verbose linkMans node-sass@3.4.2
14 verbose rebuildBundles node-sass@3.4.2
15 info install node-sass@3.4.2
16 verbose unsafe-perm in lifecycle true
17 info node-sass@3.4.2 Failed to exec install script
18 verbose stack Error: node-sass@3.4.2 install: `node scripts/install.js`
18 verbose stack Exit status 1
18 verbose stack     at EventEmitter.<anonymous> (C:\Users\Administrator\AppData\Roaming\npm\node_modules\npm\lib\utils\lifecycle.js:213:16)
18 verbose stack     at emitTwo (events.js:87:13)
18 verbose stack     at EventEmitter.emit (events.js:172:7)
18 verbose stack     at ChildProcess.<anonymous> (C:\Users\Administrator\AppData\Roaming\npm\node_modules\npm\lib\utils\spawn.js:24:14)
18 verbose stack     at emitTwo (events.js:87:13)
18 verbose stack     at ChildProcess.emit (events.js:172:7)
18 verbose stack     at maybeClose (internal/child_process.js:818:16)
18 verbose stack     at Process.ChildProcess._handle.onexit (internal/child_process.js:211:5)
19 verbose pkgid node-sass@3.4.2
20 verbose cwd F:\code\vue-cnodejs-demo
21 error Windows_NT 6.1.7601
22 error argv "D:\\node.exe" "C:\\Users\\Administrator\\AppData\\Roaming\\npm\\node_modules\\npm\\bin\\npm-cli.js" "rebuild" "node-sass"
23 error node v4.2.1
24 error npm  v2.8.3
25 error code ELIFECYCLE
26 error node-sass@3.4.2 install: `node scripts/install.js`
26 error Exit status 1
27 error Failed at the node-sass@3.4.2 install script 'node scripts/install.js'.
27 error This is most likely a problem with the node-sass package,
27 error not with npm itself.
27 error Tell the author that this fails on your system:
27 error     node scripts/install.js
27 error You can get their info via:
27 error     npm owner ls node-sass
27 error There is likely additional logging output above.
28 verbose exit [ 1, true ]
